<?xml version="1.0" encoding="UTF-8"?>
<!-- Generated by org.testng.reporters.JUnitReportReporter -->
<testsuite hostname="DESKTOP-820RNO9" failures="0" tests="3" name="day34.OrangeHrm" time="2.812" errors="0" timestamp="2023-11-22T23:07:41 IST" skipped="0">
  <testcase classname="day34.OrangeHrm" name="TestcurrentUrl" time="0.025"/>
  <testcase classname="day34.OrangeHrm" name="login" time="2.771"/>
  <testcase classname="day34.OrangeHrm" name="TestGetTitle" time="0.016"/>
</testsuite> <!-- day34.OrangeHrm -->
