<?xml version="1.0" encoding="UTF-8"?>
<!-- Generated by org.testng.reporters.JUnitReportReporter -->
<testsuite hostname="DESKTOP-820RNO9" failures="0" tests="3" name="day32.All_annotations" time="8.832" errors="0" timestamp="2023-11-18T17:00:01 IST" skipped="0">
  <testcase classname="day32.All_annotations" name="login" time="2.742"/>
  <testcase classname="day32.All_annotations" name="getcurrenturl" time="6.056"/>
  <testcase classname="day32.All_annotations" name="getTitle" time="0.034"/>
</testsuite> <!-- day32.All_annotations -->
