<?xml version="1.0" encoding="UTF-8"?>
<!-- Generated by org.testng.reporters.JUnitReportReporter -->
<testsuite hostname="DESKTOP-820RNO9" failures="0" tests="5" name="day31.TestNG_FrstTC" time="23.508" errors="0" timestamp="2023-11-16T18:38:39 IST" skipped="0">
  <testcase classname="day31.TestNG_FrstTC" name="openapp" time="20.269"/>
  <testcase classname="day31.TestNG_FrstTC" name="Testlogo" time="0.793"/>
  <testcase classname="day31.TestNG_FrstTC" name="login" time="2.008"/>
  <testcase classname="day31.TestNG_FrstTC" name="getTitle" time="0.017"/>
  <testcase classname="day31.TestNG_FrstTC" name="closeapp" time="0.421"/>
</testsuite> <!-- day31.TestNG_FrstTC -->
