<?xml version="1.0" encoding="UTF-8"?>
<!-- Generated by org.testng.reporters.JUnitReportReporter -->
<testsuite hostname="DESKTOP-820RNO9" failures="0" tests="2" name="day35.Opencart" time="12.592" errors="0" timestamp="2023-12-10T21:53:21 IST" skipped="0">
  <testcase classname="day35.Opencart" name="setup" time="11.733"/>
  <testcase classname="day35.Opencart" name="login" time="0.859"/>
</testsuite> <!-- day35.Opencart -->
