<?xml version="1.0" encoding="UTF-8"?>
<!-- Generated by org.testng.reporters.JUnitReportReporter -->
<testsuite hostname="DESKTOP-820RNO9" failures="0" tests="2" name="day33.DataProviderDemo" time="6.716" errors="0" timestamp="2023-11-19T11:54:29 IST" skipped="0">
  <testcase classname="day33.DataProviderDemo" name="login" time="3.118"/>
  <testcase classname="day33.DataProviderDemo" name="login" time="3.598"/>
</testsuite> <!-- day33.DataProviderDemo -->
