<?xml version="1.0" encoding="UTF-8"?>
<!-- Generated by org.testng.reporters.JUnitReportReporter -->
<testsuite hostname="DESKTOP-820RNO9" failures="0" tests="2" name="assignments.Ass2" time="18.205" errors="0" timestamp="2023-12-11T22:02:06 IST" skipped="0">
  <testcase classname="assignments.Ass2" name="setup" time="16.973"/>
  <testcase classname="assignments.Ass2" name="login" time="1.232"/>
</testsuite> <!-- assignments.Ass2 -->
