<?xml version="1.0" encoding="UTF-8"?>
<!-- Generated by org.testng.reporters.JUnitReportReporter -->
<testsuite hostname="DESKTOP-820RNO9" failures="0" tests="3" name="day32.BeforeMethodDemo" time="42.204" errors="0" timestamp="2023-11-18T20:00:40 IST" skipped="0">
  <testcase classname="day32.BeforeMethodDemo" name="login" time="15.097"/>
  <testcase classname="day32.BeforeMethodDemo" name="getcurrenturl" time="16.660"/>
  <testcase classname="day32.BeforeMethodDemo" name="getTitle" time="10.447"/>
</testsuite> <!-- day32.BeforeMethodDemo -->
