<?xml version="1.0" encoding="UTF-8"?>
<!-- Generated by org.testng.reporters.JUnitReportReporter -->
<testsuite hostname="DESKTOP-820RNO9" failures="0" tests="3" name="day32.BeforeTestDemo1" time="8.263" errors="0" timestamp="2023-11-18T21:15:59 IST" skipped="0">
  <testcase classname="day32.BeforeTestDemo1" name="login" time="2.230"/>
  <testcase classname="day32.BeforeTestDemo1" name="getcurrenturl" time="6.021"/>
  <testcase classname="day32.BeforeTestDemo1" name="getTitle" time="0.012"/>
</testsuite> <!-- day32.BeforeTestDemo1 -->
